\BOOKMARK [1][-]{section.1}{\376\377\145\160\133\146}{}% 1
\BOOKMARK [2][-]{subsection.1.1}{\376\377\167\351\226\065\137\353\220\037\136\102}{section.1}% 2
\BOOKMARK [3][-]{subsubsection.1.1.1}{\376\377\136\172\123\112\177\244\040\023\213\301\146\016\176\323\124\010\137\213\166\204\135\345\121\167}{subsection.1.1}% 3
\BOOKMARK [2][-]{subsection.1.2}{\376\377\145\160\166\370\121\163}{section.1}% 4
\BOOKMARK [3][-]{subsubsection.1.2.1}{\376\377\145\257\162\171\147\227\145\160}{subsection.1.2}% 5
\BOOKMARK [2][-]{subsection.1.3}{\376\377\123\132\137\010\213\272}{section.1}% 6
\BOOKMARK [3][-]{subsubsection.1.3.1}{\376\377\000s\000g\121\375\145\160}{subsection.1.3}% 7
\BOOKMARK [2][-]{subsection.1.4}{\376\377\131\032\230\171\137\017}{section.1}% 8
\BOOKMARK [3][-]{subsubsection.1.4.1}{\376\377\000F\000F\000T}{subsection.1.4}% 9
\BOOKMARK [3][-]{subsubsection.1.4.2}{\376\377\123\125\117\115\150\071\123\315\157\024}{subsection.1.4}% 10
\BOOKMARK [3][-]{subsubsection.1.4.3}{\376\377\000N\000T\000T}{subsection.1.4}% 11
\BOOKMARK [3][-]{subsubsection.1.4.4}{\376\377\142\306\174\373\145\160\000F\000F\000T\000/\116\373\141\017\152\041\145\160\000N\000T\000T}{subsection.1.4}% 12
\BOOKMARK [3][-]{subsubsection.1.4.5}{}{subsection.1.4}% 13
\BOOKMARK [2][-]{subsection.1.5}{\376\377\124\014\117\131}{section.1}% 14
\BOOKMARK [3][-]{subsubsection.1.5.1}{\376\377\232\330\145\257\155\210\121\103}{subsection.1.5}% 15
\BOOKMARK [3][-]{subsubsection.1.5.2}{\376\377\000B\000S\000G\000S}{subsection.1.5}% 16
\BOOKMARK [3][-]{subsubsection.1.5.3}{\376\377\000e\000x\000-\000B\000S\000G\000S}{subsection.1.5}% 17
\BOOKMARK [3][-]{subsubsection.1.5.4}{\376\377\123\237\150\071}{subsection.1.5}% 18
\BOOKMARK [1][-]{section.2}{\376\377\145\160\143\156\176\323\147\204}{}% 19
\BOOKMARK [2][-]{subsection.2.1}{\376\377\176\277\153\265\150\021}{section.2}% 20
\BOOKMARK [3][-]{subsubsection.2.1.1}{\376\377\146\156\220\032\176\277\153\265\150\021}{subsection.2.1}% 21
\BOOKMARK [3][-]{subsubsection.2.1.2}{\376\377\122\250\140\001\137\000\160\271\176\277\153\265\150\021}{subsection.2.1}% 22
\BOOKMARK [3][-]{subsubsection.2.1.3}{\376\377\116\073\136\055\150\021}{subsection.2.1}% 23
\BOOKMARK [1][-]{section.3}{\376\377\133\127\173\046\116\062}{}% 24
\BOOKMARK [2][-]{subsection.3.1}{\376\377\000K\000M\000P\173\227\154\325}{section.3}% 25
\BOOKMARK [2][-]{subsection.3.2}{\376\377\000e\000x\000-\000K\000M\000P\173\227\154\325}{section.3}% 26
\BOOKMARK [2][-]{subsection.3.3}{\376\377\000A\000C\201\352\122\250\147\072}{section.3}% 27
\BOOKMARK [2][-]{subsection.3.4}{\376\377\124\016\177\000\201\352\122\250\147\072}{section.3}% 28
\BOOKMARK [1][-]{section.4}{\376\377\126\376\213\272}{}% 29
\BOOKMARK [2][-]{subsection.4.1}{\376\377\116\214\122\006\126\376\147\000\131\047\123\071\221\115}{section.4}% 30
\BOOKMARK [2][-]{subsection.4.2}{\376\377\177\121\176\334\155\101}{section.4}% 31
\BOOKMARK [1][-]{section.5}{\376\377\213\241\173\227\121\340\117\125}{}% 32
\BOOKMARK [1][-]{section.6}{\376\377\147\102\230\171}{}% 33
\BOOKMARK [2][-]{subsection.6.1}{\376\377\137\353\213\373\137\353\217\223\147\177\133\120}{section.6}% 34
\BOOKMARK [2][-]{subsection.6.2}{\376\377\176\277\153\265\150\021\122\006\154\273}{section.6}% 35
\BOOKMARK [2][-]{subsection.6.3}{\376\377\126\336\156\332\203\253\226\037}{section.6}% 36
