\BOOKMARK [1][-]{section.1}{\376\377\145\160\133\146}{}% 1
\BOOKMARK [2][-]{subsection.1.1}{\376\377\176\277\140\047\116\343\145\160}{section.1}% 2
\BOOKMARK [3][-]{subsubsection.1.1.1}{\376\377\167\351\226\065\116\130\154\325}{subsection.1.1}% 3
\BOOKMARK [3][-]{subsubsection.1.1.2}{\376\377\136\172\123\112\177\244\040\023\213\301\146\016\176\323\124\010\137\213\166\204\135\345\121\167}{subsection.1.1}% 4
\BOOKMARK [3][-]{subsubsection.1.1.3}{\376\377\176\277\140\047\127\372}{subsection.1.1}% 5
\BOOKMARK [3][-]{subsubsection.1.1.4}{\376\377\167\351\226\065\150\021\133\232\164\006}{subsection.1.1}% 6
\BOOKMARK [2][-]{subsection.1.2}{\376\377\000g\000c\000d\166\370\121\163}{section.1}% 7
\BOOKMARK [2][-]{subsection.1.3}{\376\377\145\160\166\370\121\163}{section.1}% 8
\BOOKMARK [3][-]{subsubsection.1.3.1}{\376\377\165\037\142\020\121\375\145\160}{subsection.1.3}% 9
\BOOKMARK [3][-]{subsubsection.1.3.2}{\376\377\145\257\162\171\147\227\145\160}{subsection.1.3}% 10
\BOOKMARK [3][-]{subsubsection.1.3.3}{\376\377\123\141\162\171\121\160\145\160}{subsection.1.3}% 11
\BOOKMARK [3][-]{subsubsection.1.3.4}{\376\377\176\304\124\010\145\160}{subsection.1.3}% 12
\BOOKMARK [2][-]{subsection.1.4}{\376\377\123\132\137\010\213\272}{section.1}% 13
\BOOKMARK [3][-]{subsubsection.1.4.1}{\376\377\000s\000g\121\375\145\160}{subsection.1.4}% 14
\BOOKMARK [3][-]{subsubsection.1.4.2}{\376\377\000N\000a\000s\000h\127\107\210\141}{subsection.1.4}% 15
\BOOKMARK [2][-]{subsection.1.5}{\376\377\131\032\230\171\137\017}{section.1}% 16
\BOOKMARK [3][-]{subsubsection.1.5.1}{\376\377\000F\000F\000T}{subsection.1.5}% 17
\BOOKMARK [3][-]{subsubsection.1.5.2}{\376\377\123\125\117\115\150\071\123\315\157\024}{subsection.1.5}% 18
\BOOKMARK [3][-]{subsubsection.1.5.3}{\376\377\000N\000T\000T}{subsection.1.5}% 19
\BOOKMARK [3][-]{subsubsection.1.5.4}{\376\377\142\306\174\373\145\160\000F\000F\000T}{subsection.1.5}% 20
\BOOKMARK [3][-]{subsubsection.1.5.5}{\376\377\142\311\150\074\147\027\145\345\143\322\120\074}{subsection.1.5}% 21
\BOOKMARK [2][-]{subsection.1.6}{\376\377\124\014\117\131}{section.1}% 22
\BOOKMARK [3][-]{subsubsection.1.6.1}{\376\377\000B\000S\000G\000S}{subsection.1.6}% 23
\BOOKMARK [3][-]{subsubsection.1.6.2}{\376\377\123\237\150\071}{subsection.1.6}% 24
\BOOKMARK [2][-]{subsection.1.7}{\376\377\173\133\154\325}{section.1}% 25
\BOOKMARK [3][-]{subsubsection.1.7.1}{\376\377\136\070\165\050\171\357\140\047\121\375\145\160\121\163\174\373}{subsection.1.7}% 26
\BOOKMARK [3][-]{subsubsection.1.7.2}{\376\377\000P\000N\173\133}{subsection.1.7}% 27
\BOOKMARK [3][-]{subsubsection.1.7.3}{\376\377\147\134\145\131\173\133}{subsection.1.7}% 28
\BOOKMARK [3][-]{subsubsection.1.7.4}{\376\377\000m\000i\000n\0002\0005\173\133\000\050\137\205\130\153\000\051}{subsection.1.7}% 29
\BOOKMARK [1][-]{section.2}{\376\377\145\160\143\156\176\323\147\204}{}% 30
\BOOKMARK [2][-]{subsection.2.1}{\376\377\123\125\214\003\226\037\122\027}{section.2}% 31
\BOOKMARK [2][-]{subsection.2.2}{\376\377\176\277\153\265\150\021}{section.2}% 32
\BOOKMARK [3][-]{subsubsection.2.2.1}{\376\377\146\156\220\032\176\277\153\265\150\021}{subsection.2.2}% 33
\BOOKMARK [3][-]{subsubsection.2.2.2}{\376\377\122\250\140\001\137\000\160\271\176\277\153\265\150\021}{subsection.2.2}% 34
\BOOKMARK [3][-]{subsubsection.2.2.3}{\376\377\116\073\136\055\150\021}{subsection.2.2}% 35
\BOOKMARK [2][-]{subsection.2.3}{\376\377\136\166\147\345\226\306}{section.2}% 36
\BOOKMARK [3][-]{subsubsection.2.3.1}{\376\377\146\156\220\032\136\166\147\345\226\306}{subsection.2.3}% 37
\BOOKMARK [3][-]{subsubsection.2.3.2}{\376\377\123\357\122\040\226\144\136\166\147\345\226\306}{subsection.2.3}% 38
\BOOKMARK [1][-]{section.3}{\376\377\133\127\173\046\116\062}{}% 39
\BOOKMARK [2][-]{subsection.3.1}{\376\377\000K\000M\000P\173\227\154\325}{section.3}% 40
\BOOKMARK [2][-]{subsection.3.2}{\376\377\124\016\177\000\145\160\176\304}{section.3}% 41
\BOOKMARK [1][-]{section.4}{\376\377\126\376\213\272}{}% 42
\BOOKMARK [2][-]{subsection.4.1}{\376\377\147\000\167\355\215\357\000\040\040\023\000\040\000d\000i\000j\166\204\147\000\225\177\215\357\146\057\225\031\166\204}{section.4}% 43
\BOOKMARK [2][-]{subsection.4.2}{\376\377\116\214\122\006\126\376}{section.4}% 44
\BOOKMARK [3][-]{subsubsection.4.2.1}{\376\377\116\214\122\006\126\376\147\000\131\047\123\071\221\115}{subsection.4.2}% 45
\BOOKMARK [3][-]{subsubsection.4.2.2}{\376\377\116\214\122\006\126\376\147\000\131\047\147\103\123\071\221\115}{subsection.4.2}% 46
\BOOKMARK [2][-]{subsection.4.3}{\376\377\177\121\176\334\155\101}{section.4}% 47
\BOOKMARK [2][-]{subsection.4.4}{\376\377\137\072\217\336\220\032\122\006\221\317}{section.4}% 48
\BOOKMARK [2][-]{subsection.4.5}{\376\377\160\271\123\314\200\124\220\032\122\006\221\317}{section.4}% 49
\BOOKMARK [1][-]{section.5}{\376\377\147\102\230\171}{}% 50
\BOOKMARK [2][-]{subsection.5.1}{\376\377\137\353\213\373\137\353\217\223\147\177\133\120}{section.5}% 51
\BOOKMARK [2][-]{subsection.5.2}{\376\377\122\006\154\273}{section.5}% 52
\BOOKMARK [3][-]{subsubsection.5.2.1}{\376\377\000c\000d\000q\122\006\154\273}{subsection.5.2}% 53
\BOOKMARK [3][-]{subsubsection.5.2.2}{\376\377\150\021\116\012\160\271\122\006\154\273}{subsection.5.2}% 54
\BOOKMARK [2][-]{subsection.5.3}{\376\377\203\253\226\037}{section.5}% 55
\BOOKMARK [3][-]{subsubsection.5.3.1}{\376\377\146\156\220\032\203\253\226\037}{subsection.5.3}% 56
\BOOKMARK [3][-]{subsubsection.5.3.2}{\376\377\136\046\117\356\203\253\226\037}{subsection.5.3}% 57
\BOOKMARK [3][-]{subsubsection.5.3.3}{\376\377\126\336\156\332\203\253\226\037}{subsection.5.3}% 58
\BOOKMARK [2][-]{subsection.5.4}{\376\377\140\254\176\277\154\325}{section.5}% 59
\BOOKMARK [2][-]{subsection.5.5}{\376\377\000n\145\160\170\001\225\356\230\230}{section.5}% 60
\BOOKMARK [2][-]{subsection.5.6}{\376\377\232\330\174\276\136\246\147\177\133\120}{section.5}% 61
\BOOKMARK [2][-]{subsection.5.7}{\376\377\145\164\117\123\116\214\122\006}{section.5}% 62
\BOOKMARK [2][-]{subsection.5.8}{\376\377\200\314\123\005\126\336\220\000\000\050\137\205\121\231\000\051}{section.5}% 63
